Abdallahsaurus,
Airakoraptor,
Amargastegos,
Amphicoelicaudia,
Andhrasaurus,
Angloposeidon,
Araucanoraptor,
Bakesaurus,
Balochisaurus,
Bashunosaurus,
Bayosaurus,
Beelemodon,
Bihariosaurus,
Bilbeyhallorum,
Blancocerosaurus,
Brontoraptor,
Byranjaffia,
Capitalsaurus,
Changdusaurus,
Chihuahuasaurus,
Cinizasaurus,
Colossosaurus,
Comanchesaurus,
Cryptoraptor,
Dachongosaurus,
Damalasaurus,
Daptosaurus,
Domeykosaurus,
Duranteceratops,
Elvisaurus,
Eohadrosaurus,
Eoplophysis,
Ephoenosaurus,
Euacanthus,
Eugongbusaurus,
Eureodon,
Fendusaurus,
Fenestrosaurus,
Ferganastegos,
Fusinasus,
Gadolosaurus,
Gansutitan,
Gavinosaurus,
Ginnareemimus,
Gspsaurus,
Hadrosauravus,
Hanwulosaurus,
Heilongjiangosaurus,
Hironosaurus,
Hisanohamasaurus,
Honghesaurus,
Huaxiasaurus,
Ichabodcraniosaurus,
Iguanoides,
Iguanosaurus,
Issasaurus,
Jensenosaurus,
Jiangjunmiaosaurus,
Jurassosaurus,
Kagasaurus,
Katsuyamasaurus,
Khetranisaurus,
Kitadanisaurus,
Kittysaurus,
Kunmingosaurus,
Lancangosaurus,
Lancanjiangosaurus,
Lengosaurus,
Liassaurus,
Ligomasaurus,
Likhoelesaurus,
Luanpingosaurus,
Macroscelosaurus,
Madsenius,
Magulodon,
Maojandino,
Marisaurus,
Megacervixosaurus,
Megadontosaurus,
Microcephale,
Microdontosaurus,
Mifunesaurus,
Mohammadisaurus,
Moshisaurus,
Mtapaiasaurus,
Mtotosaurus,
Nevadadromeus,
Newtonsaurus,
Ngexisaurus,
Nteregosaurus,
Nurosaurus,
Nyororosaurus,
Orcomimus,
Ornithoides,
Oshanosaurus,
Ovoraptor,
Pakisaurus,
Palaeolimnornis,
Paraiguanodon,
Proiguanodon,
Protrachodon,
Proyandusaurus,
Riodevasaurus,
Roccosaurus,
Saldamosaurus,
Salimosaurus,
Saltriosaurus,
Sanchusaurus,
Sangonghesaurus,
Sauraechinodon,
Sauraechmodon,
Saurechinodon,
Selimanosaurus,
Siamodracon,
Sibirosaurus,
Sidormimus,
Sinopelta,
Sinopeltosaurus,
Sugiyamasaurus,
Sulaimanisaurus,
Teihivenator,
Tenantosaurus,
Tenchisaurus,
Thotobolosaurus,
Tianchungosaurus,
Tonouchisaurus,
Umarsaurus,
Unicerosaurus,
Vitakridrinda,
Vitakrisaurus,
Walkersaurus,
Wangonisaurus,
Wyomingraptor,
Xuanhuasaurus,
Yezosaurus,
Yibinosaurus,
Yuanmouraptor,
Yunxianosaurus,
Zunityrannus